[INFO] Scanning for projects...
[INFO] 
[INFO] ---------------------< com.medifind:pharmaxpress >----------------------
[INFO] Building PharmaXpress 0.0.1-SNAPSHOT
[INFO]   from pom.xml
[INFO] --------------------------------[ jar ]---------------------------------
[INFO] 
[INFO] >>> spring-boot:3.4.5:run (default-cli) > test-compile @ pharmaxpress >>>
[INFO] 
[INFO] --- resources:3.3.1:resources (default-resources) @ pharmaxpress ---
[INFO] Copying 2 resources from src\main\resources to target\classes
[INFO] Copying 0 resource from src\main\resources to target\classes
[INFO] 
[INFO] --- compiler:3.13.0:compile (default-compile) @ pharmaxpress ---
[INFO] Nothing to compile - all classes are up to date.
[INFO] 
[INFO] --- resources:3.3.1:testResources (default-testResources) @ pharmaxpress ---
[INFO] skip non existing resourceDirectory C:\Users\anike\OneDrive\Desktop\MediFind-PharmaXpress\spring-backend\src\test\resources
[INFO] 
[INFO] --- compiler:3.13.0:testCompile (default-testCompile) @ pharmaxpress ---
[INFO] No sources to compile
[INFO] 
[INFO] <<< spring-boot:3.4.5:run (default-cli) < test-compile @ pharmaxpress <<<
[INFO] 
[INFO] 
[INFO] --- spring-boot:3.4.5:run (default-cli) @ pharmaxpress ---
[INFO] Attaching agents: []

  .   ____          _            __ _ _
 /\\ / ___'_ __ _ _(_)_ __  __ _ \ \ \ \
( ( )\___ | '_ | '_| | '_ \/ _` | \ \ \ \
 \\/  ___)| |_)| | | | | || (_| |  ) ) ) )
  '  |____| .__|_| |_|_| |_\__, | / / / /
 =========|_|==============|___/=/_/_/_/

 :: Spring Boot ::                (v3.4.5)

2026-05-17T19:47:33.104+05:30  INFO 29908 --- [           main] c.m.p.PharmaXpressApplication            : Starting PharmaXpressApplication using Java 17.0.19 with PID 29908 (C:\Users\anike\OneDrive\Desktop\MediFind-PharmaXpress\spring-backend\target\classes started by anike in C:\Users\anike\OneDrive\Desktop\MediFind-PharmaXpress\spring-backend)
2026-05-17T19:47:33.120+05:30  INFO 29908 --- [           main] c.m.p.PharmaXpressApplication            : No active profile set, falling back to 1 default profile: "default"
2026-05-17T19:47:39.573+05:30  INFO 29908 --- [           main] .s.d.r.c.RepositoryConfigurationDelegate : Bootstrapping Spring Data JPA repositories in DEFAULT mode.
2026-05-17T19:47:40.216+05:30  INFO 29908 --- [           main] .s.d.r.c.RepositoryConfigurationDelegate : Finished Spring Data repository scanning in 588 ms. Found 16 JPA repository interfaces.
2026-05-17T19:47:44.976+05:30  INFO 29908 --- [           main] o.s.b.w.embedded.tomcat.TomcatWebServer  : Tomcat initialized with port 8080 (http)
2026-05-17T19:47:45.053+05:30  INFO 29908 --- [           main] o.apache.catalina.core.StandardService   : Starting service [Tomcat]
2026-05-17T19:47:45.056+05:30  INFO 29908 --- [           main] o.apache.catalina.core.StandardEngine    : Starting Servlet engine: [Apache Tomcat/10.1.40]
2026-05-17T19:47:45.414+05:30  INFO 29908 --- [           main] o.a.c.c.C.[Tomcat].[localhost].[/]       : Initializing Spring embedded WebApplicationContext
2026-05-17T19:47:45.421+05:30  INFO 29908 --- [           main] w.s.c.ServletWebServerApplicationContext : Root WebApplicationContext: initialization completed in 12041 ms
2026-05-17T19:47:47.074+05:30  INFO 29908 --- [           main] o.hibernate.jpa.internal.util.LogHelper  : HHH000204: Processing PersistenceUnitInfo [name: default]
2026-05-17T19:47:47.510+05:30  INFO 29908 --- [           main] org.hibernate.Version                    : HHH000412: Hibernate ORM core version 6.6.13.Final
2026-05-17T19:47:47.811+05:30  INFO 29908 --- [           main] o.h.c.internal.RegionFactoryInitiator    : HHH000026: Second-level cache disabled
2026-05-17T19:47:49.753+05:30  INFO 29908 --- [           main] o.s.o.j.p.SpringPersistenceUnitInfo      : No LoadTimeWeaver setup: ignoring JPA class transformer
2026-05-17T19:47:49.973+05:30  INFO 29908 --- [           main] com.zaxxer.hikari.HikariDataSource       : HikariPool-1 - Starting...
2026-05-17T19:47:56.033+05:30  INFO 29908 --- [           main] com.zaxxer.hikari.pool.HikariPool        : HikariPool-1 - Added connection conn1: url=jdbc:h2:file:./data/pharmaxpress user=SA
2026-05-17T19:47:56.047+05:30  INFO 29908 --- [           main] com.zaxxer.hikari.HikariDataSource       : HikariPool-1 - Start completed.
2026-05-17T19:47:56.433+05:30  INFO 29908 --- [           main] org.hibernate.orm.connections.pooling    : HHH10001005: Database info:
	Database JDBC URL [Connecting through datasource 'HikariDataSource (HikariPool-1)']
	Database driver: undefined/unknown
	Database version: 2.3.232
	Autocommit mode: undefined/unknown
	Isolation level: undefined/unknown
	Minimum pool size: undefined/unknown
	Maximum pool size: undefined/unknown
2026-05-17T19:48:04.959+05:30  INFO 29908 --- [           main] o.h.e.t.j.p.i.JtaPlatformInitiator       : HHH000489: No JTA platform available (set 'hibernate.transaction.jta.platform' to enable JTA platform integration)
2026-05-17T19:48:05.496+05:30  INFO 29908 --- [           main] j.LocalContainerEntityManagerFactoryBean : Initialized JPA EntityManagerFactory for persistence unit 'default'
2026-05-17T19:48:12.395+05:30  WARN 29908 --- [           main] o.s.w.s.resource.ResourceHandlerUtils    : Appended trailing slash to static resource location: file:///C:/Users/anike/OneDrive/Desktop/MediFind-PharmaXpress/spring-backend/uploads/
2026-05-17T19:48:13.079+05:30  INFO 29908 --- [           main] o.s.b.a.e.web.EndpointLinksResolver      : Exposing 2 endpoints beneath base path '/actuator'
2026-05-17T19:48:15.639+05:30  INFO 29908 --- [           main] o.s.b.a.h2.H2ConsoleAutoConfiguration    : H2 console available at '/h2-console'. Database available at 'jdbc:h2:file:./data/pharmaxpress'
2026-05-17T19:48:16.285+05:30  INFO 29908 --- [           main] o.s.b.w.embedded.tomcat.TomcatWebServer  : Tomcat started on port 8080 (http) with context path '/'
2026-05-17T19:48:16.354+05:30  INFO 29908 --- [           main] c.m.p.PharmaXpressApplication            : Started PharmaXpressApplication in 46.185 seconds (process running for 48.383)
2026-05-17T19:48:16.997+05:30  INFO 29908 --- [nio-8080-exec-2] o.a.c.c.C.[Tomcat].[localhost].[/]       : Initializing Spring DispatcherServlet 'dispatcherServlet'
2026-05-17T19:48:17.000+05:30  INFO 29908 --- [nio-8080-exec-2] o.s.web.servlet.DispatcherServlet        : Initializing Servlet 'dispatcherServlet'
2026-05-17T19:48:17.011+05:30  INFO 29908 --- [nio-8080-exec-2] o.s.web.servlet.DispatcherServlet        : Completed initialization in 9 ms
